<?xml version="1.0" encoding="UTF-8"?>
<!-- Generated by org.testng.reporters.JUnitReportReporter -->
<testsuite hostname="DESKTOP-N3VQQST" failures="0" tests="4" name="tests.SearchTest" time="14.351" errors="0" timestamp="2021-12-26T20:57:26 EET" skipped="0">
  <testcase classname="tests.SearchTest" name="userSearch" time="8.869"/>
  <system-out/>
  <testcase classname="tests.SearchTest" name="firstScreenNavigation" time="3.037"/>
  <system-out/>
  <testcase classname="tests.SearchTest" name="SecondScreenNavigation" time="2.366"/>
  <system-out/>
  <testcase classname="tests.SearchTest" name="ThirdScreenNavigation" time="0.079"/>
  <system-out/>
</testsuite> <!-- tests.SearchTest -->
